Method: GET Request url: / at time: Wed Jan 02 2019 23:14:21 GMT-0800 (Pacific Standard Time)
Method: GET Request url: /favicon.ico at time: Wed Jan 02 2019 23:14:21 GMT-0800 (Pacific Standard Time)
Method: GET Request url: /about at time: Wed Jan 02 2019 23:14:24 GMT-0800 (Pacific Standard Time)
Method: GET Request url: / at time: Wed Jan 02 2019 23:14:25 GMT-0800 (Pacific Standard Time)
Method: GET Request url: /about at time: Wed Jan 02 2019 23:14:27 GMT-0800 (Pacific Standard Time)
Method: GET Request url: / at time: Wed Jan 02 2019 23:14:28 GMT-0800 (Pacific Standard Time)
Method: GET Request url: /about at time: Wed Jan 02 2019 23:14:55 GMT-0800 (Pacific Standard Time)
Method: GET Request url: / at time: Wed Jan 02 2019 23:14:57 GMT-0800 (Pacific Standard Time)
Method: GET Request url: / at time: Wed Jan 02 2019 23:17:48 GMT-0800 (Pacific Standard Time)
Method: GET Request url: /about at time: Wed Jan 02 2019 23:17:49 GMT-0800 (Pacific Standard Time)
Method: GET Request url: / at time: Wed Jan 02 2019 23:17:50 GMT-0800 (Pacific Standard Time)
Method: GET Request url: / at time: Wed Jan 02 2019 23:18:13 GMT-0800 (Pacific Standard Time)
Method: GET Request url: / at time: Wed Jan 02 2019 23:18:22 GMT-0800 (Pacific Standard Time)
Method: GET Request url: /about at time: Wed Jan 02 2019 23:18:25 GMT-0800 (Pacific Standard Time)
Method: GET Request url: /aboutw at time: Wed Jan 02 2019 23:21:45 GMT-0800 (Pacific Standard Time)
Method: GET Request url: / at time: Wed Jan 02 2019 23:21:51 GMT-0800 (Pacific Standard Time)
Method: GET Request url: /about at time: Wed Jan 02 2019 23:21:52 GMT-0800 (Pacific Standard Time)
Method: GET Request url: / at time: Wed Jan 02 2019 23:21:53 GMT-0800 (Pacific Standard Time)
Method: GET Request url: / at time: Wed Jan 02 2019 23:22:02 GMT-0800 (Pacific Standard Time)
Method: GET Request url: / at time: Wed Jan 02 2019 23:22:04 GMT-0800 (Pacific Standard Time)
Method: GET Request url: /about at time: Wed Jan 02 2019 23:22:05 GMT-0800 (Pacific Standard Time)
Method: GET Request url: / at time: Wed Jan 02 2019 23:22:06 GMT-0800 (Pacific Standard Time)
Method: GET Request url: / at time: Wed Jan 02 2019 23:22:19 GMT-0800 (Pacific Standard Time)
Method: GET Request url: /about at time: Wed Jan 02 2019 23:22:20 GMT-0800 (Pacific Standard Time)
Method: GET Request url: / at time: Wed Jan 02 2019 23:22:21 GMT-0800 (Pacific Standard Time)
Method: GET Request url: / at time: Wed Jan 02 2019 23:22:38 GMT-0800 (Pacific Standard Time)
Method: GET Request url: /about at time: Wed Jan 02 2019 23:22:43 GMT-0800 (Pacific Standard Time)
Method: GET Request url: /about at time: Wed Jan 02 2019 23:25:46 GMT-0800 (Pacific Standard Time)
Method: GET Request url: /about at time: Wed Jan 02 2019 23:25:47 GMT-0800 (Pacific Standard Time)
Method: GET Request url: / at time: Wed Jan 02 2019 23:25:54 GMT-0800 (Pacific Standard Time)
Method: GET Request url: / at time: Wed Jan 02 2019 23:26:13 GMT-0800 (Pacific Standard Time)
Method: GET Request url: / at time: Wed Jan 02 2019 23:26:14 GMT-0800 (Pacific Standard Time)
Method: GET Request url: / at time: Wed Jan 02 2019 23:26:15 GMT-0800 (Pacific Standard Time)
Method: GET Request url: / at time: Wed Jan 02 2019 23:26:15 GMT-0800 (Pacific Standard Time)
Method: GET Request url: / at time: Wed Jan 02 2019 23:26:15 GMT-0800 (Pacific Standard Time)
Method: GET Request url: /about at time: Wed Jan 02 2019 23:26:17 GMT-0800 (Pacific Standard Time)
Method: GET Request url: /about at time: Wed Jan 02 2019 23:26:28 GMT-0800 (Pacific Standard Time)
Method: GET Request url: /about at time: Wed Jan 02 2019 23:26:29 GMT-0800 (Pacific Standard Time)
Method: GET Request url: /about at time: Wed Jan 02 2019 23:26:29 GMT-0800 (Pacific Standard Time)
Method: GET Request url: /about at time: Wed Jan 02 2019 23:27:19 GMT-0800 (Pacific Standard Time)
Method: GET Request url: /about at time: Wed Jan 02 2019 23:28:50 GMT-0800 (Pacific Standard Time)
Method: GET Request url: / at time: Wed Jan 02 2019 23:28:55 GMT-0800 (Pacific Standard Time)
Method: GET Request url: / at time: Thu Jan 03 2019 00:38:04 GMT-0800 (Pacific Standard Time)
Method: GET Request url: /favicon.ico at time: Thu Jan 03 2019 00:38:04 GMT-0800 (Pacific Standard Time)
Method: GET Request url: / at time: Thu Jan 03 2019 10:53:10 GMT-0800 (Pacific Standard Time)
Method: GET Request url: /projects at time: Thu Jan 03 2019 10:53:17 GMT-0800 (Pacific Standard Time)
Method: GET Request url: / at time: Thu Jan 03 2019 10:53:57 GMT-0800 (Pacific Standard Time)
Method: GET Request url: /projects at time: Thu Jan 03 2019 10:53:59 GMT-0800 (Pacific Standard Time)
Method: GET Request url: /about at time: Thu Jan 03 2019 10:54:00 GMT-0800 (Pacific Standard Time)
Method: GET Request url: / at time: Thu Jan 03 2019 10:54:01 GMT-0800 (Pacific Standard Time)
Method: GET Request url: /projects at time: Thu Jan 03 2019 10:54:02 GMT-0800 (Pacific Standard Time)
Method: GET Request url: /about at time: Thu Jan 03 2019 10:54:03 GMT-0800 (Pacific Standard Time)
Method: GET Request url: /projects at time: Thu Jan 03 2019 10:54:06 GMT-0800 (Pacific Standard Time)
Method: GET Request url: /projects at time: Thu Jan 03 2019 10:55:09 GMT-0800 (Pacific Standard Time)
Method: GET Request url: /projects at time: Thu Jan 03 2019 10:55:17 GMT-0800 (Pacific Standard Time)
